#
# There is insufficient memory for the Java Runtime Environment to continue.
# Native memory allocation (malloc) failed to allocate 32744 bytes for Chunk::new
# Possible reasons:
#   The system is out of physical RAM or swap space
#   The process is running with CompressedOops enabled, and the Java Heap may be blocking the growth of the native heap
# Possible solutions:
#   Reduce memory load on the system
#   Increase physical memory or swap space
#   Check if swap backing store is full
#   Decrease Java heap size (-Xmx/-Xms)
#   Decrease number of Java threads
#   Decrease Java thread stack sizes (-Xss)
#   Set larger code cache with -XX:ReservedCodeCacheSize=
#   JVM is running with Unscaled Compressed Oops mode in which the Java heap is
#     placed in the first 4GB address space. The Java Heap base address is the
#     maximum limit for the native heap growth. Please use -XX:HeapBaseMinAddress
#     to set the Java Heap base and to place the Java Heap above 4GB virtual address.
# This output file may be truncated or incomplete.
#
#  Out of Memory Error (arena.cpp:184), pid=7000, tid=7004
#
# JRE version: Java(TM) SE Runtime Environment (18.0.2+9) (build 18.0.2+9-61)
# Java VM: Java HotSpot(TM) 64-Bit Server VM (18.0.2+9-61, mixed mode, sharing, tiered, compressed oops, compressed class ptrs, g1 gc, windows-amd64)
# No core dump will be written. Minidumps are not enabled by default on client versions of Windows
#

---------------  S U M M A R Y ------------

Command Line: -Dfile.encoding=UTF-8 -XX:+ShowCodeDetailsInExceptionMessages selenium.Basic1

Host: Intel(R) Core(TM) i3-2328M CPU @ 2.20GHz, 4 cores, 3G,  Windows 7 , 64 bit Build 7601 (6.1.7601.23915)
Time: Thu Dec 29 10:24:41 2022 India Standard Time elapsed time: 27.442707 seconds (0d 0h 0m 27s)

---------------  T H R E A D  ---------------

Current thread (0x000000001e24d9e0):  JavaThread "C1 CompilerThread0" daemon [_thread_in_native, id=7004, stack(0x0000000023330000,0x0000000023430000)]


Current CompileTask:
C1:  27442 1706   !   3       io.netty.util.HashedWheelTimer$Worker::waitForNextTick (120 bytes)

Stack: [0x0000000023330000,0x0000000023430000]
Native frames: (J=compiled Java code, j=interpreted, Vv=VM code, C=native code)
V  [jvm.dll+0x6993ca]
V  [jvm.dll+0x7f481d]
V  [jvm.dll+0x7f612e]
V  [jvm.dll+0x7f67e3]
V  [jvm.dll+0x25cdaf]
V  [jvm.dll+0xb8c2f]
V  [jvm.dll+0xb8fa5]
V  [jvm.dll+0x25f60c]
V  [jvm.dll+0x25f83c]
V  [jvm.dll+0x25f2a9]
V  [jvm.dll+0x15ec1a]
V  [jvm.dll+0x15eb9b]
V  [jvm.dll+0x1649f7]
V  [jvm.dll+0x164e15]
V  [jvm.dll+0x165097]
V  [jvm.dll+0x164ece]
V  [jvm.dll+0x148dd9]
V  [jvm.dll+0x14893b]
V  [jvm.dll+0x148b26]
V  [jvm.dll+0x147f9a]
V  [jvm.dll+0x149c81]
V  [jvm.dll+0x23ec9a]
V  [jvm.dll+0x23cf85]
V  [jvm.dll+0x7a6e21]
V  [jvm.dll+0x7a125a]
V  [jvm.dll+0x698275]
C  [ucrtbase.DLL+0x1d912]
C  [kernel32.dll+0x159cd]
C  [ntdll.dll+0x2a561]


---------------  P R O C E S S  ---------------

Threads class SMR info:
_java_thread_list=0x00000000249ce360, length=23, elements={
0x000000000017a4c0, 0x000000001e221ad0, 0x000000001e223200, 0x000000001e234880,
0x000000001e237130, 0x000000001e2379e0, 0x000000001e238290, 0x000000001e239750,
0x000000001e24d9e0, 0x000000001e6a92d0, 0x00000000236e4080, 0x00000000236e7100,
0x00000000237d6400, 0x00000000248183d0, 0x000000002495b390, 0x000000002495b850,
0x000000002491f690, 0x000000002491fb50, 0x0000000024956e20, 0x00000000249dca80,
0x0000000024aabf70, 0x0000000024aabaa0, 0x0000000024aac440
}

Java Threads: ( => current thread )
  0x000000000017a4c0 JavaThread "Forwarding get on session e1398ddfdbde4be4ff1ae44ea1683ec8 to remote" [_thread_blocked, id=5876, stack(0x0000000002010000,0x0000000002110000)]
  0x000000001e221ad0 JavaThread "Reference Handler" daemon [_thread_blocked, id=6484, stack(0x000000001e840000,0x000000001e940000)]
  0x000000001e223200 JavaThread "Finalizer" daemon [_thread_blocked, id=7548, stack(0x0000000022c10000,0x0000000022d10000)]
  0x000000001e234880 JavaThread "Signal Dispatcher" daemon [_thread_blocked, id=4112, stack(0x0000000022d50000,0x0000000022e50000)]
  0x000000001e237130 JavaThread "Attach Listener" daemon [_thread_blocked, id=6364, stack(0x0000000022f90000,0x0000000023090000)]
  0x000000001e2379e0 JavaThread "Service Thread" daemon [_thread_blocked, id=5696, stack(0x0000000023100000,0x0000000023200000)]
  0x000000001e238290 JavaThread "Monitor Deflation Thread" daemon [_thread_blocked, id=7452, stack(0x0000000022e50000,0x0000000022f50000)]
  0x000000001e239750 JavaThread "C2 CompilerThread0" daemon [_thread_blocked, id=6692, stack(0x000000001ead0000,0x000000001ebd0000)]
=>0x000000001e24d9e0 JavaThread "C1 CompilerThread0" daemon [_thread_in_native, id=7004, stack(0x0000000023330000,0x0000000023430000)]
  0x000000001e6a92d0 JavaThread "Sweeper thread" daemon [_thread_blocked, id=7204, stack(0x00000000235e0000,0x00000000236e0000)]
  0x00000000236e4080 JavaThread "Notification Thread" daemon [_thread_blocked, id=8004, stack(0x0000000023b30000,0x0000000023c30000)]
  0x00000000236e7100 JavaThread "Common-Cleaner" daemon [_thread_blocked, id=5760, stack(0x0000000023dd0000,0x0000000023ed0000)]
  0x00000000237d6400 JavaThread "ForkJoinPool.commonPool-worker-1" daemon [_thread_blocked, id=6508, stack(0x0000000023f00000,0x0000000024000000)]
  0x00000000248183d0 JavaThread "AsyncHttpClient-1-1" daemon [_thread_blocked, id=2076, stack(0x0000000024d60000,0x0000000024e60000)]
  0x000000002495b390 JavaThread "Exec Default Executor" daemon [_thread_in_native, id=7668, stack(0x0000000025050000,0x0000000025150000)]
  0x000000002495b850 JavaThread "Driver Service Executor" daemon [_thread_blocked, id=1756, stack(0x0000000025320000,0x0000000025420000)]
  0x000000002491f690 JavaThread "Driver Service Executor" daemon [_thread_blocked, id=3748, stack(0x00000000254e0000,0x00000000255e0000)]
  0x000000002491fb50 JavaThread "UrlChecker-2" daemon [_thread_blocked, id=3380, stack(0x0000000025170000,0x0000000025270000)]
  0x0000000024956e20 JavaThread "Exec Stream Pumper" daemon [_thread_in_native, id=6468, stack(0x0000000025670000,0x0000000025770000)]
  0x00000000249dca80 JavaThread "Exec Stream Pumper" daemon [_thread_in_native, id=5900, stack(0x0000000025810000,0x0000000025910000)]
  0x0000000024aabf70 JavaThread "AsyncHttpClient-1-2" daemon [_thread_in_native, id=5816, stack(0x0000000025af0000,0x0000000025bf0000)]
  0x0000000024aabaa0 JavaThread "AsyncHttpClient-1-3" daemon [_thread_in_native, id=2244, stack(0x0000000026000000,0x0000000026100000)]
  0x0000000024aac440 JavaThread "AsyncHttpClient-1-4" daemon [_thread_in_native, id=5104, stack(0x0000000023cb0000,0x0000000023db0000)]

Other Threads:
  0x000000001e218600 VMThread "VM Thread" [stack: 0x000000001e960000,0x000000001ea60000] [id=6276]
  0x000000001e80fbd0 WatcherThread "VM Periodic Task Thread" [stack: 0x0000000023470000,0x0000000023570000] [id=2024]
  0x00000000001c03e0 WorkerThread "GC Thread#0" [stack: 0x000000001baa0000,0x000000001bba0000] [id=6392]
  0x00000000248f5f90 WorkerThread "GC Thread#1" [stack: 0x0000000023210000,0x0000000023310000] [id=7100]
  0x0000000024893dc0 WorkerThread "GC Thread#2" [stack: 0x0000000024e60000,0x0000000024f60000] [id=5136]
  0x0000000024894060 WorkerThread "GC Thread#3" [stack: 0x0000000024350000,0x0000000024450000] [id=4056]
  0x00000000001c8c20 ConcurrentGCThread "G1 Main Marker" [stack: 0x000000001b9a0000,0x000000001baa0000] [id=2888]
  0x00000000001cb520 WorkerThread "G1 Conc#0" [stack: 0x000000001bd20000,0x000000001be20000] [id=7044]
  0x000000001e158080 ConcurrentGCThread "G1 Refine#0" [stack: 0x000000001e3d0000,0x000000001e4d0000] [id=7320]
  0x000000001e159460 ConcurrentGCThread "G1 Service" [stack: 0x000000001e510000,0x000000001e610000] [id=7716]

Threads with active compile tasks:
C1 CompilerThread0    28464 1706   !   3       io.netty.util.HashedWheelTimer$Worker::waitForNextTick (120 bytes)

VM state: not at safepoint (normal execution)

VM Mutex/Monitor currently owned by a thread: None

Heap address: 0x00000000c1e00000, size: 994 MB, Compressed Oops mode: 32-bit

CDS archive(s) mapped at: [0x0000000800000000-0x0000000800ba0000-0x0000000800ba0000), size 12189696, SharedBaseAddress: 0x0000000800000000, ArchiveRelocationMode: 0.
Compressed class space mapped at: 0x0000000800c00000-0x0000000840c00000, reserved size: 1073741824
Narrow klass base: 0x0000000800000000, Narrow klass shift: 0, Narrow klass range: 0x100000000

GC Precious Log:
 CardTable entry size: 512
 Card Set container configuration: InlinePtr #cards 5 size 8 Array Of Cards #cards 12 size 40 Howl #buckets 4 coarsen threshold 1843 Howl Bitmap #cards 512 size 80 coarsen threshold 460 Card regions per heap region 1 cards per card region 2048
 CPUs: 4 total, 4 available
 Memory: 3971M
 Large Page Support: Disabled
 NUMA Support: Disabled
 Compressed Oops: Enabled (32-bit)
 Heap Region Size: 1M
 Heap Min Capacity: 8M
 Heap Initial Capacity: 64M
 Heap Max Capacity: 994M
 Pre-touch: Disabled
 Parallel Workers: 4
 Concurrent Workers: 1
 Concurrent Refinement Workers: 4
 Periodic GC: Disabled

Heap:
 garbage-first heap   total 65536K, used 28698K [0x00000000c1e00000, 0x0000000100000000)
  region size 1024K, 19 young (19456K), 2 survivors (2048K)
 Metaspace       used 17201K, committed 17472K, reserved 1114112K
  class space    used 2101K, committed 2240K, reserved 1048576K

Heap Regions: E=young(eden), S=young(survivor), O=old, HS=humongous(starts), HC=humongous(continues), CS=collection set, F=free, OA=open archive, CA=closed archive, TAMS=top-at-mark-start (previous, next)
|   0|0x00000000c1e00000, 0x00000000c1f00000, 0x00000000c1f00000|100%|HS|  |TAMS 0x00000000c1e00000, 0x00000000c1e00000| Complete 
|   1|0x00000000c1f00000, 0x00000000c2000000, 0x00000000c2000000|100%|HC|  |TAMS 0x00000000c1f00000, 0x00000000c1f00000| Complete 
|   2|0x00000000c2000000, 0x00000000c2100000, 0x00000000c2100000|100%| O|  |TAMS 0x00000000c2000000, 0x00000000c2000000| Untracked 
|   3|0x00000000c2100000, 0x00000000c2200000, 0x00000000c2200000|100%| O|  |TAMS 0x00000000c2100000, 0x00000000c2100000| Untracked 
|   4|0x00000000c2200000, 0x00000000c2300000, 0x00000000c2300000|100%| O|  |TAMS 0x00000000c2200000, 0x00000000c2200000| Untracked 
|   5|0x00000000c2300000, 0x00000000c232f800, 0x00000000c2400000| 18%| O|  |TAMS 0x00000000c2300000, 0x00000000c2300000| Untracked 
|   6|0x00000000c2400000, 0x00000000c2500000, 0x00000000c2500000|100%|HS|  |TAMS 0x00000000c2400000, 0x00000000c2400000| Complete 
|   7|0x00000000c2500000, 0x00000000c2600000, 0x00000000c2600000|100%|HC|  |TAMS 0x00000000c2500000, 0x00000000c2500000| Complete 
|   8|0x00000000c2600000, 0x00000000c2700000, 0x00000000c2700000|100%|HC|  |TAMS 0x00000000c2600000, 0x00000000c2600000| Complete 
|   9|0x00000000c2700000, 0x00000000c2800000, 0x00000000c2800000|100%|HC|  |TAMS 0x00000000c2700000, 0x00000000c2700000| Complete 
|  10|0x00000000c2800000, 0x00000000c2900000, 0x00000000c2900000|100%|HC|  |TAMS 0x00000000c2800000, 0x00000000c2800000| Complete 
|  11|0x00000000c2900000, 0x00000000c2900000, 0x00000000c2a00000|  0%| F|  |TAMS 0x00000000c2900000, 0x00000000c2900000| Untracked 
|  12|0x00000000c2a00000, 0x00000000c2a00000, 0x00000000c2b00000|  0%| F|  |TAMS 0x00000000c2a00000, 0x00000000c2a00000| Untracked 
|  13|0x00000000c2b00000, 0x00000000c2b00000, 0x00000000c2c00000|  0%| F|  |TAMS 0x00000000c2b00000, 0x00000000c2b00000| Untracked 
|  14|0x00000000c2c00000, 0x00000000c2c00000, 0x00000000c2d00000|  0%| F|  |TAMS 0x00000000c2c00000, 0x00000000c2c00000| Untracked 
|  15|0x00000000c2d00000, 0x00000000c2d00000, 0x00000000c2e00000|  0%| F|  |TAMS 0x00000000c2d00000, 0x00000000c2d00000| Untracked 
|  16|0x00000000c2e00000, 0x00000000c2e00000, 0x00000000c2f00000|  0%| F|  |TAMS 0x00000000c2e00000, 0x00000000c2e00000| Untracked 
|  17|0x00000000c2f00000, 0x00000000c2f00000, 0x00000000c3000000|  0%| F|  |TAMS 0x00000000c2f00000, 0x00000000c2f00000| Untracked 
|  18|0x00000000c3000000, 0x00000000c3000000, 0x00000000c3100000|  0%| F|  |TAMS 0x00000000c3000000, 0x00000000c3000000| Untracked 
|  19|0x00000000c3100000, 0x00000000c3100000, 0x00000000c3200000|  0%| F|  |TAMS 0x00000000c3100000, 0x00000000c3100000| Untracked 
|  20|0x00000000c3200000, 0x00000000c3200000, 0x00000000c3300000|  0%| F|  |TAMS 0x00000000c3200000, 0x00000000c3200000| Untracked 
|  21|0x00000000c3300000, 0x00000000c3300000, 0x00000000c3400000|  0%| F|  |TAMS 0x00000000c3300000, 0x00000000c3300000| Untracked 
|  22|0x00000000c3400000, 0x00000000c3400000, 0x00000000c3500000|  0%| F|  |TAMS 0x00000000c3400000, 0x00000000c3400000| Untracked 
|  23|0x00000000c3500000, 0x00000000c3500000, 0x00000000c3600000|  0%| F|  |TAMS 0x00000000c3500000, 0x00000000c3500000| Untracked 
|  24|0x00000000c3600000, 0x00000000c3600000, 0x00000000c3700000|  0%| F|  |TAMS 0x00000000c3600000, 0x00000000c3600000| Untracked 
|  25|0x00000000c3700000, 0x00000000c3700000, 0x00000000c3800000|  0%| F|  |TAMS 0x00000000c3700000, 0x00000000c3700000| Untracked 
|  26|0x00000000c3800000, 0x00000000c3800000, 0x00000000c3900000|  0%| F|  |TAMS 0x00000000c3800000, 0x00000000c3800000| Untracked 
|  27|0x00000000c3900000, 0x00000000c3900000, 0x00000000c3a00000|  0%| F|  |TAMS 0x00000000c3900000, 0x00000000c3900000| Untracked 
|  28|0x00000000c3a00000, 0x00000000c3a00000, 0x00000000c3b00000|  0%| F|  |TAMS 0x00000000c3a00000, 0x00000000c3a00000| Untracked 
|  29|0x00000000c3b00000, 0x00000000c3b00000, 0x00000000c3c00000|  0%| F|  |TAMS 0x00000000c3b00000, 0x00000000c3b00000| Untracked 
|  30|0x00000000c3c00000, 0x00000000c3c00000, 0x00000000c3d00000|  0%| F|  |TAMS 0x00000000c3c00000, 0x00000000c3c00000| Untracked 
|  31|0x00000000c3d00000, 0x00000000c3d00000, 0x00000000c3e00000|  0%| F|  |TAMS 0x00000000c3d00000, 0x00000000c3d00000| Untracked 
|  32|0x00000000c3e00000, 0x00000000c3e00000, 0x00000000c3f00000|  0%| F|  |TAMS 0x00000000c3e00000, 0x00000000c3e00000| Untracked 
|  33|0x00000000c3f00000, 0x00000000c3f00000, 0x00000000c4000000|  0%| F|  |TAMS 0x00000000c3f00000, 0x00000000c3f00000| Untracked 
|  34|0x00000000c4000000, 0x00000000c4000000, 0x00000000c4100000|  0%| F|  |TAMS 0x00000000c4000000, 0x00000000c4000000| Untracked 
|  35|0x00000000c4100000, 0x00000000c4100000, 0x00000000c4200000|  0%| F|  |TAMS 0x00000000c4100000, 0x00000000c4100000| Untracked 
|  36|0x00000000c4200000, 0x00000000c4200000, 0x00000000c4300000|  0%| F|  |TAMS 0x00000000c4200000, 0x00000000c4200000| Untracked 
|  37|0x00000000c4300000, 0x00000000c4300000, 0x00000000c4400000|  0%| F|  |TAMS 0x00000000c4300000, 0x00000000c4300000| Untracked 
|  38|0x00000000c4400000, 0x00000000c4400000, 0x00000000c4500000|  0%| F|  |TAMS 0x00000000c4400000, 0x00000000c4400000| Untracked 
|  39|0x00000000c4500000, 0x00000000c4500000, 0x00000000c4600000|  0%| F|  |TAMS 0x00000000c4500000, 0x00000000c4500000| Untracked 
|  40|0x00000000c4600000, 0x00000000c4600000, 0x00000000c4700000|  0%| F|  |TAMS 0x00000000c4600000, 0x00000000c4600000| Untracked 
|  41|0x00000000c4700000, 0x00000000c4700000, 0x00000000c4800000|  0%| F|  |TAMS 0x00000000c4700000, 0x00000000c4700000| Untracked 
|  42|0x00000000c4800000, 0x00000000c4800000, 0x00000000c4900000|  0%| F|  |TAMS 0x00000000c4800000, 0x00000000c4800000| Untracked 
|  43|0x00000000c4900000, 0x00000000c4900000, 0x00000000c4a00000|  0%| F|  |TAMS 0x00000000c4900000, 0x00000000c4900000| Untracked 
|  44|0x00000000c4a00000, 0x00000000c4a00000, 0x00000000c4b00000|  0%| F|  |TAMS 0x00000000c4a00000, 0x00000000c4a00000| Untracked 
|  45|0x00000000c4b00000, 0x00000000c4be58e0, 0x00000000c4c00000| 89%| E|  |TAMS 0x00000000c4b00000, 0x00000000c4b00000| Complete 
|  46|0x00000000c4c00000, 0x00000000c4d00000, 0x00000000c4d00000|100%| E|CS|TAMS 0x00000000c4c00000, 0x00000000c4c00000| Complete 
|  47|0x00000000c4d00000, 0x00000000c4dd7000, 0x00000000c4e00000| 83%| S|CS|TAMS 0x00000000c4d00000, 0x00000000c4d00000| Complete 
|  48|0x00000000c4e00000, 0x00000000c4f00000, 0x00000000c4f00000|100%| S|CS|TAMS 0x00000000c4e00000, 0x00000000c4e00000| Complete 
|  49|0x00000000c4f00000, 0x00000000c5000000, 0x00000000c5000000|100%| E|CS|TAMS 0x00000000c4f00000, 0x00000000c4f00000| Complete 
|  50|0x00000000c5000000, 0x00000000c5100000, 0x00000000c5100000|100%| E|CS|TAMS 0x00000000c5000000, 0x00000000c5000000| Complete 
|  51|0x00000000c5100000, 0x00000000c5200000, 0x00000000c5200000|100%| E|CS|TAMS 0x00000000c5100000, 0x00000000c5100000| Complete 
|  52|0x00000000c5200000, 0x00000000c5300000, 0x00000000c5300000|100%| E|CS|TAMS 0x00000000c5200000, 0x00000000c5200000| Complete 
|  53|0x00000000c5300000, 0x00000000c5400000, 0x00000000c5400000|100%| E|CS|TAMS 0x00000000c5300000, 0x00000000c5300000| Complete 
|  54|0x00000000c5400000, 0x00000000c5500000, 0x00000000c5500000|100%| E|CS|TAMS 0x00000000c5400000, 0x00000000c5400000| Complete 
|  55|0x00000000c5500000, 0x00000000c5600000, 0x00000000c5600000|100%| E|CS|TAMS 0x00000000c5500000, 0x00000000c5500000| Complete 
|  56|0x00000000c5600000, 0x00000000c5700000, 0x00000000c5700000|100%| E|CS|TAMS 0x00000000c5600000, 0x00000000c5600000| Complete 
|  57|0x00000000c5700000, 0x00000000c5800000, 0x00000000c5800000|100%| E|CS|TAMS 0x00000000c5700000, 0x00000000c5700000| Complete 
|  58|0x00000000c5800000, 0x00000000c5900000, 0x00000000c5900000|100%| E|CS|TAMS 0x00000000c5800000, 0x00000000c5800000| Complete 
|  59|0x00000000c5900000, 0x00000000c5a00000, 0x00000000c5a00000|100%| E|CS|TAMS 0x00000000c5900000, 0x00000000c5900000| Complete 
|  60|0x00000000c5a00000, 0x00000000c5b00000, 0x00000000c5b00000|100%| E|CS|TAMS 0x00000000c5a00000, 0x00000000c5a00000| Complete 
|  61|0x00000000c5b00000, 0x00000000c5c00000, 0x00000000c5c00000|100%| E|CS|TAMS 0x00000000c5b00000, 0x00000000c5b00000| Complete 
|  62|0x00000000c5c00000, 0x00000000c5d00000, 0x00000000c5d00000|100%| E|CS|TAMS 0x00000000c5c00000, 0x00000000c5c00000| Complete 
|  63|0x00000000c5d00000, 0x00000000c5e00000, 0x00000000c5e00000|100%| E|CS|TAMS 0x00000000c5d00000, 0x00000000c5d00000| Complete 

Card table byte_map: [0x0000000019640000,0x0000000019840000] _byte_map_base: 0x0000000019031000

Marking Bits (Prev, Next): (CMBitMap*) 0x00000000001c08f0, (CMBitMap*) 0x00000000001c0930
 Prev Bits: [0x0000000019a40000, 0x000000001a9c8000)
 Next Bits: [0x000000001a9d0000, 0x000000001b958000)

Polling page: 0x0000000000420000

Metaspace:

Usage:
  Non-class:     14.75 MB used.
      Class:      2.05 MB used.
       Both:     16.80 MB used.

Virtual space:
  Non-class space:       64.00 MB reserved,      14.88 MB ( 23%) committed,  1 nodes.
      Class space:        1.00 GB reserved,       2.19 MB ( <1%) committed,  1 nodes.
             Both:        1.06 GB reserved,      17.06 MB (  2%) committed. 

Chunk freelists:
   Non-Class:  352.00 KB
       Class:  1.66 MB
        Both:  2.00 MB

MaxMetaspaceSize: unlimited
CompressedClassSpaceSize: 1.00 GB
Initial GC threshold: 21.00 MB
Current GC threshold: 21.00 MB
CDS: on
MetaspaceReclaimPolicy: balanced
 - commit_granule_bytes: 65536.
 - commit_granule_words: 8192.
 - virtual_space_node_default_size: 8388608.
 - enlarge_chunks_in_place: 1.
 - new_chunks_are_fully_committed: 0.
 - uncommit_free_chunks: 1.
 - use_allocation_guard: 0.


Internal statistics:

num_allocs_failed_limit: 0.
num_arena_births: 132.
num_arena_deaths: 0.
num_vsnodes_births: 2.
num_vsnodes_deaths: 0.
num_space_committed: 273.
num_space_uncommitted: 0.
num_chunks_returned_to_freelist: 0.
num_chunks_taken_from_freelist: 516.
num_chunk_merges: 0.
num_chunk_splits: 372.
num_chunks_enlarged: 320.
num_inconsistent_stats: 0.

CodeHeap 'non-profiled nmethods': size=120000Kb used=492Kb max_used=492Kb free=119507Kb
 bounds [0x0000000011ad0000, 0x0000000011d40000, 0x0000000019000000]
CodeHeap 'profiled nmethods': size=120000Kb used=3185Kb max_used=3185Kb free=116815Kb
 bounds [0x000000000a5a0000, 0x000000000a8c0000, 0x0000000011ad0000]
CodeHeap 'non-nmethods': size=5760Kb used=1261Kb max_used=1275Kb free=4498Kb
 bounds [0x000000000a000000, 0x000000000a270000, 0x000000000a5a0000]
 total_blobs=2265 nmethods=1705 adapters=473
 compilation: enabled
              stopped_count=0, restarted_count=0
 full_count=0

Compilation events (20 events):
Event: 17.999 Thread 0x000000001e24d9e0 nmethod 1696 0x000000000a8b9110 code [0x000000000a8b92a0, 0x000000000a8b93e8]
Event: 18.000 Thread 0x000000001e24d9e0 1697       3       java.util.ArrayDeque::dec (13 bytes)
Event: 18.000 Thread 0x000000001e24d9e0 nmethod 1697 0x000000000a8b9490 code [0x000000000a8b9620, 0x000000000a8b9758]
Event: 18.001 Thread 0x000000001e24d9e0 1698       3       java.lang.invoke.MethodType::methodType (9 bytes)
Event: 18.001 Thread 0x000000001e24d9e0 nmethod 1698 0x000000000a8b9810 code [0x000000000a8b99a0, 0x000000000a8b9ac8]
Event: 18.004 Thread 0x000000001e24d9e0 1699       3       java.util.RegularEnumSet::contains (57 bytes)
Event: 18.005 Thread 0x000000001e24d9e0 nmethod 1699 0x000000000a8b9b90 code [0x000000000a8b9d60, 0x000000000a8ba188]
Event: 18.005 Thread 0x000000001e24d9e0 1700       3       io.netty.util.AsciiString::equalsIgnoreCase (22 bytes)
Event: 18.005 Thread 0x000000001e24d9e0 nmethod 1700 0x000000000a8ba290 code [0x000000000a8ba460, 0x000000000a8ba938]
Event: 18.005 Thread 0x000000001e24d9e0 1701       3       io.netty.util.AsciiString::b2c (7 bytes)
Event: 18.005 Thread 0x000000001e24d9e0 nmethod 1701 0x000000000a8baa90 code [0x000000000a8bac20, 0x000000000a8bad18]
Event: 18.006 Thread 0x000000001e24d9e0 1702       3       java.lang.System::checkKey (34 bytes)
Event: 18.007 Thread 0x000000001e24d9e0 nmethod 1702 0x000000000a8bad90 code [0x000000000a8baf60, 0x000000000a8bb318]
Event: 18.007 Thread 0x000000001e24d9e0 1703       3       io.netty.buffer.UnsafeByteBufUtil::setByte (7 bytes)
Event: 18.008 Thread 0x000000001e24d9e0 nmethod 1703 0x000000000a8bb490 code [0x000000000a8bb640, 0x000000000a8bb8d8]
Event: 18.008 Thread 0x000000001e24d9e0 1704       3       io.netty.util.internal.PlatformDependent::putByte (6 bytes)
Event: 18.008 Thread 0x000000001e24d9e0 nmethod 1704 0x000000000a8bba10 code [0x000000000a8bbbc0, 0x000000000a8bbdf8]
Event: 23.705 Thread 0x000000001e24d9e0 1705       3       java.util.concurrent.atomic.AtomicIntegerFieldUpdater$AtomicIntegerFieldUpdaterImpl::get (17 bytes)
Event: 23.706 Thread 0x000000001e24d9e0 nmethod 1705 0x000000000a8bbf10 code [0x000000000a8bc0c0, 0x000000000a8bc2e8]
Event: 26.305 Thread 0x000000001e24d9e0 1706   !   3       io.netty.util.HashedWheelTimer$Worker::waitForNextTick (120 bytes)

GC Heap History (4 events):
Event: 1.048 GC heap before
{Heap before GC invocations=0 (full 0):
 garbage-first heap   total 65536K, used 15360K [0x00000000c1e00000, 0x0000000100000000)
  region size 1024K, 13 young (13312K), 0 survivors (0K)
 Metaspace       used 6298K, committed 6400K, reserved 1114112K
  class space    used 723K, committed 768K, reserved 1048576K
}
Event: 1.057 GC heap after
{Heap after GC invocations=1 (full 0):
 garbage-first heap   total 65536K, used 5136K [0x00000000c1e00000, 0x0000000100000000)
  region size 1024K, 2 young (2048K), 2 survivors (2048K)
 Metaspace       used 6298K, committed 6400K, reserved 1114112K
  class space    used 723K, committed 768K, reserved 1048576K
}
Event: 2.286 GC heap before
{Heap before GC invocations=1 (full 0):
 garbage-first heap   total 65536K, used 18448K [0x00000000c1e00000, 0x0000000100000000)
  region size 1024K, 15 young (15360K), 2 survivors (2048K)
 Metaspace       used 11860K, committed 12032K, reserved 1114112K
  class space    used 1345K, committed 1408K, reserved 1048576K
}
Event: 2.295 GC heap after
{Heap after GC invocations=2 (full 0):
 garbage-first heap   total 65536K, used 7194K [0x00000000c1e00000, 0x0000000100000000)
  region size 1024K, 2 young (2048K), 2 survivors (2048K)
 Metaspace       used 11860K, committed 12032K, reserved 1114112K
  class space    used 1345K, committed 1408K, reserved 1048576K
}

Deoptimization events (20 events):
Event: 2.795 Thread 0x0000000024aabf70 Uncommon trap: trap_request=0xffffffde fr.pc=0x0000000011b3cb34 relative=0x0000000000000114
Event: 2.795 Thread 0x0000000024aabf70 Uncommon trap: reason=class_check action=maybe_recompile pc=0x0000000011b3cb34 method=jdk.internal.misc.Unsafe.allocateUninitializedArray(Ljava/lang/Class;I)Ljava/lang/Object; @ 51 c2
Event: 2.795 Thread 0x0000000024aabf70 DEOPT PACKING pc=0x0000000011b3cb34 sp=0x0000000025bec3c0
Event: 2.795 Thread 0x0000000024aabf70 DEOPT UNPACKING pc=0x000000000a0523a3 sp=0x0000000025bec348 mode 2
Event: 2.795 Thread 0x0000000024aabf70 Uncommon trap: trap_request=0xffffffde fr.pc=0x0000000011b3cb34 relative=0x0000000000000114
Event: 2.795 Thread 0x0000000024aabf70 Uncommon trap: reason=class_check action=maybe_recompile pc=0x0000000011b3cb34 method=jdk.internal.misc.Unsafe.allocateUninitializedArray(Ljava/lang/Class;I)Ljava/lang/Object; @ 51 c2
Event: 2.795 Thread 0x0000000024aabf70 DEOPT PACKING pc=0x0000000011b3cb34 sp=0x0000000025bec600
Event: 2.795 Thread 0x0000000024aabf70 DEOPT UNPACKING pc=0x000000000a0523a3 sp=0x0000000025bec588 mode 2
Event: 2.795 Thread 0x0000000024aabf70 Uncommon trap: trap_request=0xffffffde fr.pc=0x0000000011b3cb34 relative=0x0000000000000114
Event: 2.795 Thread 0x0000000024aabf70 Uncommon trap: reason=class_check action=maybe_recompile pc=0x0000000011b3cb34 method=jdk.internal.misc.Unsafe.allocateUninitializedArray(Ljava/lang/Class;I)Ljava/lang/Object; @ 51 c2
Event: 2.795 Thread 0x0000000024aabf70 DEOPT PACKING pc=0x0000000011b3cb34 sp=0x0000000025bec620
Event: 2.795 Thread 0x0000000024aabf70 DEOPT UNPACKING pc=0x000000000a0523a3 sp=0x0000000025bec5a8 mode 2
Event: 17.832 Thread 0x000000000017a4c0 Uncommon trap: trap_request=0xffffffde fr.pc=0x0000000011b0af7c relative=0x000000000000055c
Event: 17.832 Thread 0x000000000017a4c0 Uncommon trap: reason=class_check action=maybe_recompile pc=0x0000000011b0af7c method=java.util.HashMap.putVal(ILjava/lang/Object;Ljava/lang/Object;ZZ)Ljava/lang/Object; @ 253 c2
Event: 17.832 Thread 0x000000000017a4c0 DEOPT PACKING pc=0x0000000011b0af7c sp=0x000000000210e4b0
Event: 17.832 Thread 0x000000000017a4c0 DEOPT UNPACKING pc=0x000000000a0523a3 sp=0x000000000210e450 mode 2
Event: 17.848 Thread 0x000000000017a4c0 Uncommon trap: trap_request=0xffffff45 fr.pc=0x0000000011b06580 relative=0x0000000000000d60
Event: 17.848 Thread 0x000000000017a4c0 Uncommon trap: reason=unstable_if action=reinterpret pc=0x0000000011b06580 method=java.util.concurrent.ConcurrentHashMap.putVal(Ljava/lang/Object;Ljava/lang/Object;Z)Ljava/lang/Object; @ 256 c2
Event: 17.848 Thread 0x000000000017a4c0 DEOPT PACKING pc=0x0000000011b06580 sp=0x000000000210e500
Event: 17.848 Thread 0x000000000017a4c0 DEOPT UNPACKING pc=0x000000000a0523a3 sp=0x000000000210e468 mode 2

Classes loaded (20 events):
Event: 17.994 Loading class java/util/stream/SortedOps
Event: 17.994 Loading class java/util/stream/SortedOps done
Event: 17.994 Loading class java/util/stream/SortedOps$OfRef
Event: 17.994 Loading class java/util/stream/SortedOps$OfRef done
Event: 17.994 Loading class java/util/Comparators$NaturalOrderComparator
Event: 17.994 Loading class java/util/Comparators$NaturalOrderComparator done
Event: 17.995 Loading class java/util/stream/ReferencePipeline$4
Event: 17.995 Loading class java/util/stream/ReferencePipeline$4 done
Event: 17.995 Loading class java/util/function/IntBinaryOperator
Event: 17.995 Loading class java/util/function/IntBinaryOperator done
Event: 17.995 Loading class java/util/stream/ReduceOps$6
Event: 17.995 Loading class java/util/stream/ReduceOps$6 done
Event: 17.995 Loading class java/util/stream/ReduceOps$5ReducingSink
Event: 17.995 Loading class java/util/stream/ReduceOps$5ReducingSink done
Event: 17.996 Loading class java/util/stream/ReferencePipeline$4$1
Event: 17.996 Loading class java/util/stream/ReferencePipeline$4$1 done
Event: 17.996 Loading class java/util/stream/SortedOps$SizedRefSortingSink
Event: 17.996 Loading class java/util/stream/SortedOps$AbstractRefSortingSink
Event: 17.996 Loading class java/util/stream/SortedOps$AbstractRefSortingSink done
Event: 17.996 Loading class java/util/stream/SortedOps$SizedRefSortingSink done

Classes unloaded (0 events):
No events

Classes redefined (0 events):
No events

Internal exceptions (20 events):
Event: 1.730 Thread 0x000000002495b390 Exception <a 'java/lang/NoSuchMethodError'{0x00000000c5122b00}: 'java.lang.Object java.lang.invoke.DirectMethodHandle$Holder.newInvokeSpecial(java.lang.Object, java.lang.Object, long)'> (0x00000000c5122b00) 
thrown [s\open\src\hotspot\share\interpreter\linkResolver.cpp, line 759]
Event: 1.731 Thread 0x000000002495b390 Exception <a 'java/lang/NoSuchMethodError'{0x00000000c5126e00}: 'java.lang.Object java.lang.invoke.Invokers$Holder.linkToTargetMethod(java.lang.Object, long, java.lang.Object)'> (0x00000000c5126e00) 
thrown [s\open\src\hotspot\share\interpreter\linkResolver.cpp, line 759]
Event: 2.238 Thread 0x000000002491fb50 Exception <a 'java/net/SocketException'{0x00000000c51355f0}: Socket is not connected: shutdown> (0x00000000c51355f0) 
thrown [s\open\src\hotspot\share\prims\jni.cpp, line 535]
Event: 2.277 Thread 0x000000000017a4c0 Exception <a 'java/lang/NoSuchMethodError'{0x00000000c51cbb70}: 'int java.lang.invoke.DirectMethodHandle$Holder.invokeVirtual(java.lang.Object, java.lang.Object)'> (0x00000000c51cbb70) 
thrown [s\open\src\hotspot\share\interpreter\linkResolver.cpp, line 759]
Event: 2.279 Thread 0x000000000017a4c0 Exception <a 'java/lang/NoSuchMethodError'{0x00000000c51d21e0}: 'double java.lang.invoke.DirectMethodHandle$Holder.invokeVirtual(java.lang.Object, java.lang.Object)'> (0x00000000c51d21e0) 
thrown [s\open\src\hotspot\share\interpreter\linkResolver.cpp, line 759]
Event: 2.280 Thread 0x000000000017a4c0 Exception <a 'java/lang/NoSuchMethodError'{0x00000000c51d8d48}: 'float java.lang.invoke.DirectMethodHandle$Holder.invokeVirtual(java.lang.Object, java.lang.Object)'> (0x00000000c51d8d48) 
thrown [s\open\src\hotspot\share\interpreter\linkResolver.cpp, line 759]
Event: 2.282 Thread 0x000000000017a4c0 Exception <a 'java/lang/NoSuchMethodError'{0x00000000c51e2178}: 'long java.lang.invoke.DirectMethodHandle$Holder.invokeVirtual(java.lang.Object, java.lang.Object)'> (0x00000000c51e2178) 
thrown [s\open\src\hotspot\share\interpreter\linkResolver.cpp, line 759]
Event: 2.297 Thread 0x000000000017a4c0 Exception <a 'java/lang/NoSuchMethodError'{0x00000000c5d0b2a0}: 'void java.lang.invoke.DirectMethodHandle$Holder.invokeStatic(java.lang.Object, java.lang.Object, java.lang.Object)'> (0x00000000c5d0b2a0) 
thrown [s\open\src\hotspot\share\interpreter\linkResolver.cpp, line 759]
Event: 2.298 Thread 0x000000000017a4c0 Exception <a 'java/lang/NoSuchMethodError'{0x00000000c5d11988}: 'java.lang.Object java.lang.invoke.DirectMethodHandle$Holder.invokeVirtual(java.lang.Object, java.lang.Object, java.lang.Object)'> (0x00000000c5d11988) 
thrown [s\open\src\hotspot\share\interpreter\linkResolver.cpp, line 759]
Event: 2.345 Thread 0x000000000017a4c0 Exception <a 'java/lang/NoSuchMethodError'{0x00000000c5c32e18}: 'void java.lang.invoke.DirectMethodHandle$Holder.invokeSpecial(java.lang.Object, java.lang.Object, java.lang.Object, java.lang.Object, java.lang.Object)'> (0x00000000c5c32e18) 
thrown [s\open\src\hotspot\share\interpreter\linkResolver.cpp, line 759]
Event: 2.346 Thread 0x000000000017a4c0 Exception <a 'java/lang/NoSuchMethodError'{0x00000000c5c3a078}: 'void java.lang.invoke.DirectMethodHandle$Holder.invokeStatic(java.lang.Object, java.lang.Object, int)'> (0x00000000c5c3a078) 
thrown [s\open\src\hotspot\share\interpreter\linkResolver.cpp, line 759]
Event: 2.372 Thread 0x000000000017a4c0 Exception <a 'java/lang/NoSuchMethodError'{0x00000000c5cda4b0}: 'java.lang.Object java.lang.invoke.DirectMethodHandle$Holder.newInvokeSpecial(java.lang.Object, java.lang.Object, java.lang.Object, java.lang.Object, java.lang.Object)'> (0x00000000c5cda4b0) 
thrown [s\open\src\hotspot\share\interpreter\linkResolver.cpp, line 759]
Event: 2.425 Thread 0x000000000017a4c0 Exception <a 'java/lang/NoSuchMethodError'{0x00000000c5a58e80}: 'int java.lang.invoke.DirectMethodHandle$Holder.invokeSpecialIFC(java.lang.Object, java.lang.Object, java.lang.Object)'> (0x00000000c5a58e80) 
thrown [s\open\src\hotspot\share\interpreter\linkResolver.cpp, line 759]
Event: 2.442 Thread 0x000000000017a4c0 Exception <a 'java/lang/NoSuchMethodError'{0x00000000c5abbf40}: 'java.lang.Object java.lang.invoke.Invokers$Holder.invokeExact_MT(java.lang.Object, java.lang.Object, java.lang.Object, java.lang.Object, java.lang.Object, java.lang.Object)'> (0x00000000c5abbf40) 
thrown [s\open\src\hotspot\share\interpreter\linkResolver.cpp, line 759]
Event: 2.553 Thread 0x000000000017a4c0 Exception <a 'java/lang/NoSuchMethodError'{0x00000000c5803698}: 'void java.lang.invoke.DirectMethodHandle$Holder.invokeStatic(java.lang.Object, java.lang.Object, java.lang.Object, java.lang.Object)'> (0x00000000c5803698) 
thrown [s\open\src\hotspot\share\interpreter\linkResolver.cpp, line 759]
Event: 2.611 Thread 0x000000000017a4c0 Exception <a 'java/lang/NoSuchMethodError'{0x00000000c5781950}: 'void java.lang.invoke.DirectMethodHandle$Holder.invokeSpecial(java.lang.Object, java.lang.Object, java.lang.Object, java.lang.Object, java.lang.Object, java.lang.Object)'> (0x00000000c5781950) 
thrown [s\open\src\hotspot\share\interpreter\linkResolver.cpp, line 759]
Event: 2.632 Thread 0x000000000017a4c0 Exception <a 'java/lang/NoSuchMethodError'{0x00000000c57fc7e0}: 'long java.lang.invoke.DirectMethodHandle$Holder.invokeInterface(java.lang.Object, java.lang.Object)'> (0x00000000c57fc7e0) 
thrown [s\open\src\hotspot\share\interpreter\linkResolver.cpp, line 759]
Event: 2.635 Thread 0x000000000017a4c0 Exception <a 'java/lang/NoSuchMethodError'{0x00000000c5601b68}: 'long java.lang.invoke.DelegatingMethodHandle$Holder.reinvoke_L(java.lang.Object, java.lang.Object)'> (0x00000000c5601b68) 
thrown [s\open\src\hotspot\share\interpreter\linkResolver.cpp, line 759]
Event: 17.818 Thread 0x000000000017a4c0 Exception <a 'java/lang/NoSuchMethodError'{0x00000000c512b470}: 'java.lang.Object java.lang.invoke.DirectMethodHandle$Holder.invokeSpecialIFC(java.lang.Object, java.lang.Object, java.lang.Object)'> (0x00000000c512b470) 
thrown [s\open\src\hotspot\share\interpreter\linkResolver.cpp, line 759]
Event: 17.867 Thread 0x000000000017a4c0 Exception <a 'java/lang/ClassNotFoundException'{0x00000000c5001fb8}: sun/util/logging/resources/spi/loggingProvider> (0x00000000c5001fb8) 
thrown [s\open\src\hotspot\share\classfile\systemDictionary.cpp, line 255]

VM Operations (20 events):
Event: 0.833 Executing VM operation: HandshakeAllThreads
Event: 0.833 Executing VM operation: HandshakeAllThreads done
Event: 1.048 Executing VM operation: G1CollectForAllocation
Event: 1.057 Executing VM operation: G1CollectForAllocation done
Event: 2.057 Executing VM operation: Cleanup
Event: 2.058 Executing VM operation: Cleanup done
Event: 2.255 Executing VM operation: HandshakeAllThreads
Event: 2.255 Executing VM operation: HandshakeAllThreads done
Event: 2.257 Executing VM operation: HandshakeAllThreads
Event: 2.257 Executing VM operation: HandshakeAllThreads done
Event: 2.286 Executing VM operation: G1CollectForAllocation
Event: 2.295 Executing VM operation: G1CollectForAllocation done
Event: 4.295 Executing VM operation: Cleanup
Event: 4.296 Executing VM operation: Cleanup done
Event: 17.842 Executing VM operation: HandshakeAllThreads
Event: 17.842 Executing VM operation: HandshakeAllThreads done
Event: 17.842 Executing VM operation: Cleanup
Event: 17.842 Executing VM operation: Cleanup done
Event: 19.842 Executing VM operation: Cleanup
Event: 19.842 Executing VM operation: Cleanup done

Events (20 events):
Event: 0.363 Thread 0x0000000023768f00 Thread exited: 0x0000000023768f00
Event: 0.540 Thread 0x00000000237d6400 Thread added: 0x00000000237d6400
Event: 0.656 Loaded shared library C:\Program Files\Java\jdk-18.0.2\bin\verify.dll
Event: 0.729 Loaded shared library C:\Program Files\Java\jdk-18.0.2\bin\management.dll
Event: 0.734 Loaded shared library C:\Program Files\Java\jdk-18.0.2\bin\management_ext.dll
Event: 0.798 Thread 0x00000000248183d0 Thread added: 0x00000000248183d0
Event: 1.061 Thread 0x00000000245b47b0 Thread added: 0x00000000245b47b0
Event: 1.283 Loaded shared library C:\Program Files\Java\jdk-18.0.2\bin\sunmscapi.dll
Event: 1.716 Thread 0x000000002495b390 Thread added: 0x000000002495b390
Event: 1.721 Thread 0x000000002495b850 Thread added: 0x000000002495b850
Event: 1.722 Thread 0x000000002491f690 Thread added: 0x000000002491f690
Event: 1.728 Thread 0x000000002491fb50 Thread added: 0x000000002491fb50
Event: 1.734 Thread 0x0000000024956e20 Thread added: 0x0000000024956e20
Event: 1.735 Thread 0x00000000249dca80 Thread added: 0x00000000249dca80
Event: 2.252 Thread 0x00000000245b47b0 Thread exited: 0x00000000245b47b0
Event: 2.256 Thread 0x0000000024aabaa0 Thread added: 0x0000000024aabaa0
Event: 2.726 Thread 0x0000000024aabf70 Thread added: 0x0000000024aabf70
Event: 7.260 Thread 0x0000000024aabaa0 Thread exited: 0x0000000024aabaa0
Event: 17.919 Thread 0x0000000024aabaa0 Thread added: 0x0000000024aabaa0
Event: 17.943 Thread 0x0000000024aac440 Thread added: 0x0000000024aac440


Dynamic libraries:
0x000000013f6d0000 - 0x000000013f6e0000 	C:\Program Files\Java\jdk-18.0.2\bin\javaw.exe
0x0000000077100000 - 0x00000000772aa000 	C:\Windows\SYSTEM32\ntdll.dll
0x0000000076ee0000 - 0x0000000076fff000 	C:\Windows\system32\kernel32.dll
0x000007fefce70000 - 0x000007fefceda000 	C:\Windows\system32\KERNELBASE.dll
0x000007fef5c20000 - 0x000007fef5c38000 	C:\Program Files\Java\jdk-18.0.2\bin\jli.dll
0x000007fefd1b0000 - 0x000007fefd28b000 	C:\Windows\system32\ADVAPI32.dll
0x000007fefd7c0000 - 0x000007fefd85f000 	C:\Windows\system32\msvcrt.dll
0x000007fefeb80000 - 0x000007fefeb9f000 	C:\Windows\SYSTEM32\sechost.dll
0x000007fefd860000 - 0x000007fefd98d000 	C:\Windows\system32\RPCRT4.dll
0x000007fefb840000 - 0x000007fefba34000 	C:\Windows\WinSxS\amd64_microsoft.windows.common-controls_6595b64144ccf1df_6.0.7601.18837_none_fa3b1e3d17594757\COMCTL32.dll
0x000007fefd290000 - 0x000007fefd2f7000 	C:\Windows\system32\GDI32.dll
0x0000000077000000 - 0x00000000770fa000 	C:\Windows\system32\USER32.dll
0x000007fefd300000 - 0x000007fefd30e000 	C:\Windows\system32\LPK.dll
0x000007fefd6f0000 - 0x000007fefd7bb000 	C:\Windows\system32\USP10.dll
0x000007fefec00000 - 0x000007fefec71000 	C:\Windows\system32\SHLWAPI.dll
0x000007fefbed0000 - 0x000007fefbedc000 	C:\Windows\system32\VERSION.dll
0x000007fef5fc0000 - 0x000007fef5fda000 	C:\Program Files\Java\jdk-18.0.2\bin\VCRUNTIME140.dll
0x000007fef5c00000 - 0x000007fef5c04000 	C:\Program Files\Java\jdk-18.0.2\bin\api-ms-win-crt-runtime-l1-1-0.dll
0x000007fef0ae0000 - 0x000007fef0bda000 	C:\Program Files\Java\jdk-18.0.2\bin\ucrtbase.DLL
0x000007fef5c10000 - 0x000007fef5c13000 	C:\Program Files\Java\jdk-18.0.2\bin\api-ms-win-core-localization-l1-2-0.dll
0x000007fef5780000 - 0x000007fef5783000 	C:\Program Files\Java\jdk-18.0.2\bin\api-ms-win-core-processthreads-l1-1-1.dll
0x000007fef5910000 - 0x000007fef5913000 	C:\Program Files\Java\jdk-18.0.2\bin\api-ms-win-core-file-l1-2-0.dll
0x000007fef5760000 - 0x000007fef5763000 	C:\Program Files\Java\jdk-18.0.2\bin\api-ms-win-core-timezone-l1-1-0.dll
0x000007fef5770000 - 0x000007fef5773000 	C:\Program Files\Java\jdk-18.0.2\bin\api-ms-win-core-file-l2-1-0.dll
0x000007fef5600000 - 0x000007fef5603000 	C:\Program Files\Java\jdk-18.0.2\bin\api-ms-win-core-synch-l1-2-0.dll
0x000007fef5610000 - 0x000007fef5613000 	C:\Program Files\Java\jdk-18.0.2\bin\api-ms-win-crt-heap-l1-1-0.dll
0x000007fef55e0000 - 0x000007fef55e4000 	C:\Program Files\Java\jdk-18.0.2\bin\api-ms-win-crt-string-l1-1-0.dll
0x000007fef55f0000 - 0x000007fef55f4000 	C:\Program Files\Java\jdk-18.0.2\bin\api-ms-win-crt-stdio-l1-1-0.dll
0x000007fef55c0000 - 0x000007fef55c4000 	C:\Program Files\Java\jdk-18.0.2\bin\api-ms-win-crt-convert-l1-1-0.dll
0x000007fef55d0000 - 0x000007fef55d3000 	C:\Program Files\Java\jdk-18.0.2\bin\api-ms-win-crt-environment-l1-1-0.dll
0x000007fef55a0000 - 0x000007fef55a3000 	C:\Program Files\Java\jdk-18.0.2\bin\api-ms-win-crt-filesystem-l1-1-0.dll
0x000007fef55b0000 - 0x000007fef55b5000 	C:\Program Files\Java\jdk-18.0.2\bin\api-ms-win-crt-math-l1-1-0.dll
0x000007fef5580000 - 0x000007fef5583000 	C:\Program Files\Java\jdk-18.0.2\bin\api-ms-win-crt-locale-l1-1-0.dll
0x000007feff1d0000 - 0x000007feff1fe000 	C:\Windows\system32\IMM32.DLL
0x000007fefdcc0000 - 0x000007fefddc9000 	C:\Windows\system32\MSCTF.dll
0x000007fef5590000 - 0x000007fef559c000 	C:\Program Files\Java\jdk-18.0.2\bin\vcruntime140_1.dll
0x000007fef45a0000 - 0x000007fef462d000 	C:\Program Files\Java\jdk-18.0.2\bin\msvcp140.dll
0x000007fef5560000 - 0x000007fef5563000 	C:\Program Files\Java\jdk-18.0.2\bin\api-ms-win-crt-time-l1-1-0.dll
0x000007fef5570000 - 0x000007fef5573000 	C:\Program Files\Java\jdk-18.0.2\bin\api-ms-win-crt-utility-l1-1-0.dll
0x000007feee680000 - 0x000007feef291000 	C:\Program Files\Java\jdk-18.0.2\bin\server\jvm.dll
0x000007fef9f00000 - 0x000007fef9f09000 	C:\Windows\system32\WSOCK32.dll
0x000007fefd510000 - 0x000007fefd55d000 	C:\Windows\system32\WS2_32.dll
0x000007feff200000 - 0x000007feff208000 	C:\Windows\system32\NSI.dll
0x000007fef90f0000 - 0x000007fef912b000 	C:\Windows\system32\WINMM.dll
0x00000000772c0000 - 0x00000000772c7000 	C:\Windows\system32\PSAPI.DLL
0x000007fef5540000 - 0x000007fef554a000 	C:\Program Files\Java\jdk-18.0.2\bin\jimage.dll
0x000007fef3e80000 - 0x000007fef3fa5000 	C:\Windows\system32\DBGHELP.DLL
0x000007fef4950000 - 0x000007fef4975000 	C:\Program Files\Java\jdk-18.0.2\bin\java.dll
0x000007fef44c0000 - 0x000007fef4596000 	C:\Program Files\Java\jdk-18.0.2\bin\jsvml.dll
0x000007fefddd0000 - 0x000007fefeb5a000 	C:\Windows\system32\SHELL32.dll
0x000007fefd310000 - 0x000007fefd50c000 	C:\Windows\system32\ole32.dll
0x000007fefcdf0000 - 0x000007fefcdff000 	C:\Windows\system32\profapi.dll
0x000007fef4990000 - 0x000007fef49a3000 	C:\Program Files\Java\jdk-18.0.2\bin\net.dll
0x000007fef4290000 - 0x000007fef4301000 	C:\Windows\system32\WINHTTP.dll
0x000007fef4220000 - 0x000007fef4285000 	C:\Windows\system32\webio.dll
0x000007fefc580000 - 0x000007fefc5d5000 	C:\Windows\system32\mswsock.dll
0x000007fefc570000 - 0x000007fefc577000 	C:\Windows\System32\wship6.dll
0x000007fef44a0000 - 0x000007fef44b6000 	C:\Program Files\Java\jdk-18.0.2\bin\nio.dll
0x000007fef2480000 - 0x000007fef2498000 	C:\Program Files\Java\jdk-18.0.2\bin\zip.dll
0x000007fefbfa0000 - 0x000007fefbfa7000 	C:\Windows\System32\wshtcpip.dll
0x000007fefc400000 - 0x000007fefc45b000 	C:\Windows\system32\DNSAPI.dll
0x000007fefa8e0000 - 0x000007fefa907000 	C:\Windows\system32\IPHLPAPI.DLL
0x000007fefa890000 - 0x000007fefa89b000 	C:\Windows\system32\WINNSI.DLL
0x000007fef3db0000 - 0x000007fef3db8000 	C:\Windows\system32\rasadhlp.dll
0x000007fefa7b0000 - 0x000007fefa803000 	C:\Windows\System32\fwpuclnt.dll
0x000007fef5550000 - 0x000007fef5560000 	C:\Program Files\Java\jdk-18.0.2\bin\verify.dll
0x000007fef4c40000 - 0x000007fef4c49000 	C:\Program Files\Java\jdk-18.0.2\bin\management.dll
0x000007fef4980000 - 0x000007fef498b000 	C:\Program Files\Java\jdk-18.0.2\bin\management_ext.dll
0x000007fefc5e0000 - 0x000007fefc5f8000 	C:\Windows\system32\CRYPTSP.dll
0x000007fefc2e0000 - 0x000007fefc327000 	C:\Windows\system32\rsaenh.dll
0x000007fefce50000 - 0x000007fefce6e000 	C:\Windows\system32\USERENV.dll
0x000007fefcc50000 - 0x000007fefcc5f000 	C:\Windows\system32\CRYPTBASE.dll
0x000007fefa6e0000 - 0x000007fefa6f8000 	C:\Windows\system32\dhcpcsvc.DLL
0x000007fefa5e0000 - 0x000007fefa5f1000 	C:\Windows\system32\dhcpcsvc6.DLL
0x000007fef54e0000 - 0x000007fef54ee000 	C:\Program Files\Java\jdk-18.0.2\bin\sunmscapi.dll
0x000007fefcef0000 - 0x000007fefd05d000 	C:\Windows\system32\CRYPT32.dll
0x000007fefce00000 - 0x000007fefce0f000 	C:\Windows\system32\MSASN1.dll
0x000007fefc760000 - 0x000007fefc7b0000 	C:\Windows\system32\ncrypt.dll
0x000007fefc730000 - 0x000007fefc752000 	C:\Windows\system32\bcrypt.dll
0x000007fefcbf0000 - 0x000007fefcc47000 	C:\Windows\system32\apphelp.dll

dbghelp: loaded successfully - version: 4.0.5 - missing functions: none
symbol engine: initialized successfully - sym options: 0x614 - pdb path: .;C:\Program Files\Java\jdk-18.0.2\bin;C:\Windows\SYSTEM32;C:\Windows\WinSxS\amd64_microsoft.windows.common-controls_6595b64144ccf1df_6.0.7601.18837_none_fa3b1e3d17594757;C:\Program Files\Java\jdk-18.0.2\bin\server

VM Arguments:
jvm_args: -Dfile.encoding=UTF-8 -XX:+ShowCodeDetailsInExceptionMessages 
java_command: selenium.Basic1
java_class_path (initial): C:\Users\Admin\eclipse-workspace\practic1\bin;C:\Users\Admin\Downloads\selenium-server-4.5.0.jar
Launcher Type: SUN_STANDARD

[Global flags]
     intx CICompilerCount                          = 3                                         {product} {ergonomic}
     uint ConcGCThreads                            = 1                                         {product} {ergonomic}
     uint G1ConcRefinementThreads                  = 4                                         {product} {ergonomic}
   size_t G1HeapRegionSize                         = 1048576                                   {product} {ergonomic}
    uintx GCDrainStackTargetSize                   = 64                                        {product} {ergonomic}
   size_t InitialHeapSize                          = 67108864                                  {product} {ergonomic}
   size_t MarkStackSize                            = 4194304                                   {product} {ergonomic}
   size_t MaxHeapSize                              = 1042284544                                {product} {ergonomic}
   size_t MaxNewSize                               = 624951296                                 {product} {ergonomic}
   size_t MinHeapDeltaBytes                        = 1048576                                   {product} {ergonomic}
   size_t MinHeapSize                              = 8388608                                   {product} {ergonomic}
    uintx NonNMethodCodeHeapSize                   = 5832780                                {pd product} {ergonomic}
    uintx NonProfiledCodeHeapSize                  = 122912730                              {pd product} {ergonomic}
    uintx ProfiledCodeHeapSize                     = 122912730                              {pd product} {ergonomic}
    uintx ReservedCodeCacheSize                    = 251658240                              {pd product} {ergonomic}
     bool SegmentedCodeCache                       = true                                      {product} {ergonomic}
     bool ShowCodeDetailsInExceptionMessages       = true                                   {manageable} {command line}
   size_t SoftMaxHeapSize                          = 1042284544                             {manageable} {ergonomic}
     bool UseCompressedClassPointers               = true                           {product lp64_product} {ergonomic}
     bool UseCompressedOops                        = true                           {product lp64_product} {ergonomic}
     bool UseG1GC                                  = true                                      {product} {ergonomic}
     bool UseLargePagesIndividualAllocation        = false                                  {pd product} {ergonomic}

Logging:
Log output configuration:
 #0: stdout all=warning uptime,level,tags foldmultilines=false
 #1: stderr all=off uptime,level,tags foldmultilines=false

Environment Variables:
PATH=C:\oraclexe\app\oracle\product\11.2.0\server\bin;;C:\Program Files\Common Files\Oracle\Java\javapath;C:\Windows\system32;C:\Windows;C:\Windows\System32\Wbem;C:\Windows\System32\WindowsPowerShell\v1.0\
USERNAME=Admin
OS=Windows_NT
PROCESSOR_IDENTIFIER=Intel64 Family 6 Model 42 Stepping 7, GenuineIntel



---------------  S Y S T E M  ---------------

OS:
 Windows 7 , 64 bit Build 7601 (6.1.7601.23915)
OS uptime: 0 days 1:20 hours

CPU: total 4 (initial active 4) (2 cores per cpu, 2 threads per core) family 6 model 42 stepping 7 microcode 0x0, cx8, cmov, fxsr, ht, mmx, sse, sse2, sse3, ssse3, sse4.1, sse4.2, popcnt, tsc, tscinvbit, avx, clmul, vzeroupper, clflush

Memory: 4k page, system-wide physical 3971M (952M free)
TotalPageFile size 8626M (AvailPageFile size 85M)
current process WorkingSet (physical memory assigned to process): 101M, peak: 103M
current process commit charge ("private bytes"): 177M, peak: 180M

vm_info: Java HotSpot(TM) 64-Bit Server VM (18.0.2+9-61) for windows-amd64 JRE (18.0.2+9-61), built on Jun  7 2022 13:09:01 by "mach5one" with MS VC++ 16.8 / 16.9 (VS2019)

END.
